desc: --massif-out-file=./fun.out
cmd: bin/momo
time_unit: i
#-----------
snapshot=0
#-----------
time=0
mem_heap_B=0
mem_heap_extra_B=0
mem_stacks_B=0
heap_tree=empty
#-----------
snapshot=1
#-----------
time=37760686
mem_heap_B=10517498
mem_heap_extra_B=6886
mem_stacks_B=0
heap_tree=peak
n2: 10517498 (heap allocation functions) malloc/new/new[], --alloc-fns, etc.
 n1: 10486404 0x100059F24: BPU_gf2VecMallocElements (gf2types.c:166)
  n2: 10486404 0x100059E9A: BPU_gf2VecMalloc (gf2types.c:144)
   n1: 10485760 0x100001CF4: testCryptoBox (main.c:53)
    n0: 10485760 0x100002DB5: main (main.c:472)
   n0: 644 in 3 places, all below massif's threshold (1.00%)
 n0: 31094 in 37 places, all below massif's threshold (1.00%)
#-----------
snapshot=2
#-----------
time=62190988
mem_heap_B=10518332
mem_heap_extra_B=6940
mem_stacks_B=0
heap_tree=empty
#-----------
snapshot=3
#-----------
time=93539618
mem_heap_B=10518332
mem_heap_extra_B=6940
mem_stacks_B=0
heap_tree=empty
#-----------
snapshot=4
#-----------
time=128296357
mem_heap_B=10518332
mem_heap_extra_B=6940
mem_stacks_B=0
heap_tree=empty
#-----------
snapshot=5
#-----------
time=151013614
mem_heap_B=10518332
mem_heap_extra_B=6940
mem_stacks_B=0
heap_tree=empty
#-----------
snapshot=6
#-----------
time=178831534
mem_heap_B=10518332
mem_heap_extra_B=6940
mem_stacks_B=0
heap_tree=empty
#-----------
snapshot=7
#-----------
time=217116687
mem_heap_B=10518332
mem_heap_extra_B=6940
mem_stacks_B=0
heap_tree=empty
#-----------
snapshot=8
#-----------
time=243236076
mem_heap_B=10518332
mem_heap_extra_B=6940
mem_stacks_B=0
heap_tree=empty
#-----------
snapshot=9
#-----------
time=286857353
mem_heap_B=10518332
mem_heap_extra_B=6940
mem_stacks_B=0
heap_tree=empty
#-----------
snapshot=10
#-----------
time=323131531
mem_heap_B=10519064
mem_heap_extra_B=7136
mem_stacks_B=0
heap_tree=empty
#-----------
snapshot=11
#-----------
time=354783315
mem_heap_B=10518332
mem_heap_extra_B=6940
mem_stacks_B=0
heap_tree=empty
#-----------
snapshot=12
#-----------
time=380964820
mem_heap_B=10518332
mem_heap_extra_B=6940
mem_stacks_B=0
heap_tree=empty
#-----------
snapshot=13
#-----------
time=419320863
mem_heap_B=10518332
mem_heap_extra_B=6940
mem_stacks_B=0
heap_tree=empty
#-----------
snapshot=14
#-----------
time=454285273
mem_heap_B=10518332
mem_heap_extra_B=6940
mem_stacks_B=0
heap_tree=empty
#-----------
snapshot=15
#-----------
time=478644298
mem_heap_B=10518332
mem_heap_extra_B=6940
mem_stacks_B=0
heap_tree=empty
#-----------
snapshot=16
#-----------
time=504835548
mem_heap_B=10518332
mem_heap_extra_B=6940
mem_stacks_B=0
heap_tree=empty
#-----------
snapshot=17
#-----------
time=548557881
mem_heap_B=10518332
mem_heap_extra_B=6940
mem_stacks_B=0
heap_tree=empty
#-----------
snapshot=18
#-----------
time=579976733
mem_heap_B=10518332
mem_heap_extra_B=6940
mem_stacks_B=0
heap_tree=empty
#-----------
snapshot=19
#-----------
time=623246488
mem_heap_B=10519064
mem_heap_extra_B=7136
mem_stacks_B=0
heap_tree=detailed
n2: 10519064 (heap allocation functions) malloc/new/new[], --alloc-fns, etc.
 n1: 10486404 0x100059F24: BPU_gf2VecMallocElements (gf2types.c:166)
  n2: 10486404 0x100059E9A: BPU_gf2VecMalloc (gf2types.c:144)
   n1: 10485760 0x100001CF4: testCryptoBox (main.c:53)
    n0: 10485760 0x100002DB5: main (main.c:472)
   n0: 644 in 3 places, all below massif's threshold (1.00%)
 n0: 32660 in 37 places, all below massif's threshold (1.00%)
#-----------
snapshot=20
#-----------
time=643765203
mem_heap_B=10517420
mem_heap_extra_B=6748
mem_stacks_B=0
heap_tree=empty
#-----------
snapshot=21
#-----------
time=682402376
mem_heap_B=10518332
mem_heap_extra_B=6940
mem_stacks_B=0
heap_tree=empty
#-----------
snapshot=22
#-----------
time=720769900
mem_heap_B=10518332
mem_heap_extra_B=6940
mem_stacks_B=0
heap_tree=empty
#-----------
snapshot=23
#-----------
time=762656525
mem_heap_B=10518332
mem_heap_extra_B=6940
mem_stacks_B=0
heap_tree=empty
#-----------
snapshot=24
#-----------
time=806390993
mem_heap_B=10517904
mem_heap_extra_B=6888
mem_stacks_B=0
heap_tree=empty
#-----------
snapshot=25
#-----------
time=855224834
mem_heap_B=10518332
mem_heap_extra_B=6940
mem_stacks_B=0
heap_tree=empty
#-----------
snapshot=26
#-----------
time=879708887
mem_heap_B=10517904
mem_heap_extra_B=6888
mem_stacks_B=0
heap_tree=empty
#-----------
snapshot=27
#-----------
time=904061468
mem_heap_B=10518332
mem_heap_extra_B=6940
mem_stacks_B=0
heap_tree=empty
#-----------
snapshot=28
#-----------
time=929861229
mem_heap_B=10519064
mem_heap_extra_B=7136
mem_stacks_B=0
heap_tree=empty
#-----------
snapshot=29
#-----------
time=956574167
mem_heap_B=10518332
mem_heap_extra_B=6940
mem_stacks_B=0
heap_tree=empty
#-----------
snapshot=30
#-----------
time=984464709
mem_heap_B=10518332
mem_heap_extra_B=6940
mem_stacks_B=0
heap_tree=empty
#-----------
snapshot=31
#-----------
time=1012483818
mem_heap_B=10518332
mem_heap_extra_B=6940
mem_stacks_B=0
heap_tree=empty
#-----------
snapshot=32
#-----------
time=1049979319
mem_heap_B=10518332
mem_heap_extra_B=6940
mem_stacks_B=0
heap_tree=empty
#-----------
snapshot=33
#-----------
time=1077221454
mem_heap_B=10518118
mem_heap_extra_B=6914
mem_stacks_B=0
heap_tree=empty
#-----------
snapshot=34
#-----------
time=1117738958
mem_heap_B=10518332
mem_heap_extra_B=6940
mem_stacks_B=0
heap_tree=empty
#-----------
snapshot=35
#-----------
time=1145425369
mem_heap_B=10517904
mem_heap_extra_B=6888
mem_stacks_B=0
heap_tree=empty
#-----------
snapshot=36
#-----------
time=1182178670
mem_heap_B=10518332
mem_heap_extra_B=6940
mem_stacks_B=0
heap_tree=empty
#-----------
snapshot=37
#-----------
time=1209837305
mem_heap_B=10517904
mem_heap_extra_B=6888
mem_stacks_B=0
heap_tree=empty
#-----------
snapshot=38
#-----------
time=1237409162
mem_heap_B=10518332
mem_heap_extra_B=6940
mem_stacks_B=0
heap_tree=empty
#-----------
snapshot=39
#-----------
time=1261462456
mem_heap_B=10517420
mem_heap_extra_B=6748
mem_stacks_B=0
heap_tree=empty
#-----------
snapshot=40
#-----------
time=1289037809
mem_heap_B=10518332
mem_heap_extra_B=6940
mem_stacks_B=0
heap_tree=empty
#-----------
snapshot=41
#-----------
time=1316723946
mem_heap_B=10517904
mem_heap_extra_B=6888
mem_stacks_B=0
heap_tree=empty
#-----------
snapshot=42
#-----------
time=1353477228
mem_heap_B=10518332
mem_heap_extra_B=6940
mem_stacks_B=0
heap_tree=empty
#-----------
snapshot=43
#-----------
time=1371856385
mem_heap_B=10518332
mem_heap_extra_B=6940
mem_stacks_B=0
heap_tree=empty
#-----------
snapshot=44
#-----------
time=1417892382
mem_heap_B=10518332
mem_heap_extra_B=6940
mem_stacks_B=0
heap_tree=empty
#-----------
snapshot=45
#-----------
time=1463938278
mem_heap_B=10518332
mem_heap_extra_B=6940
mem_stacks_B=0
heap_tree=empty
#-----------
snapshot=46
#-----------
time=1491635186
mem_heap_B=10517904
mem_heap_extra_B=6888
mem_stacks_B=0
heap_tree=empty
#-----------
snapshot=47
#-----------
time=1528399759
mem_heap_B=10518332
mem_heap_extra_B=6940
mem_stacks_B=0
heap_tree=empty
#-----------
snapshot=48
#-----------
time=1546923011
mem_heap_B=10519300
mem_heap_extra_B=7188
mem_stacks_B=0
heap_tree=empty
#-----------
snapshot=49
#-----------
time=1579536374
mem_heap_B=10518332
mem_heap_extra_B=6940
mem_stacks_B=0
heap_tree=empty
#-----------
snapshot=50
#-----------
time=1598015925
mem_heap_B=10517904
mem_heap_extra_B=6888
mem_stacks_B=0
heap_tree=empty
#-----------
snapshot=51
#-----------
time=1616400042
mem_heap_B=10518332
mem_heap_extra_B=6940
mem_stacks_B=0
heap_tree=empty
#-----------
snapshot=52
#-----------
time=1634783940
mem_heap_B=10518332
mem_heap_extra_B=6940
mem_stacks_B=0
heap_tree=empty
#-----------
snapshot=53
#-----------
time=1653168151
mem_heap_B=10518332
mem_heap_extra_B=6940
mem_stacks_B=0
heap_tree=detailed
n2: 10518332 (heap allocation functions) malloc/new/new[], --alloc-fns, etc.
 n1: 10486404 0x100059F24: BPU_gf2VecMallocElements (gf2types.c:166)
  n2: 10486404 0x100059E9A: BPU_gf2VecMalloc (gf2types.c:144)
   n1: 10485760 0x100001CF4: testCryptoBox (main.c:53)
    n0: 10485760 0x100002DB5: main (main.c:472)
   n0: 644 in 3 places, all below massif's threshold (1.00%)
 n0: 31928 in 37 places, all below massif's threshold (1.00%)
#-----------
snapshot=54
#-----------
time=1671677182
mem_heap_B=10517904
mem_heap_extra_B=6888
mem_stacks_B=0
heap_tree=empty
#-----------
snapshot=55
#-----------
time=1690061299
mem_heap_B=10518332
mem_heap_extra_B=6940
mem_stacks_B=0
heap_tree=empty
#-----------
snapshot=56
#-----------
time=1708444058
mem_heap_B=10518332
mem_heap_extra_B=6940
mem_stacks_B=0
heap_tree=empty
#-----------
snapshot=57
#-----------
time=1726824129
mem_heap_B=10518332
mem_heap_extra_B=6940
mem_stacks_B=0
heap_tree=empty
#-----------
snapshot=58
#-----------
time=1745323998
mem_heap_B=10517904
mem_heap_extra_B=6888
mem_stacks_B=0
heap_tree=empty
#-----------
snapshot=59
#-----------
time=1763705799
mem_heap_B=10518332
mem_heap_extra_B=6940
mem_stacks_B=0
heap_tree=empty
#-----------
snapshot=60
#-----------
time=1782089226
mem_heap_B=10518332
mem_heap_extra_B=6940
mem_stacks_B=0
heap_tree=empty
#-----------
snapshot=61
#-----------
time=1800472980
mem_heap_B=10518332
mem_heap_extra_B=6940
mem_stacks_B=0
heap_tree=empty
#-----------
snapshot=62
#-----------
time=1818859404
mem_heap_B=10518118
mem_heap_extra_B=6914
mem_stacks_B=0
heap_tree=empty
#-----------
snapshot=63
#-----------
time=1837286825
mem_heap_B=10517904
mem_heap_extra_B=6888
mem_stacks_B=0
heap_tree=detailed
n2: 10517904 (heap allocation functions) malloc/new/new[], --alloc-fns, etc.
 n1: 10486404 0x100059F24: BPU_gf2VecMallocElements (gf2types.c:166)
  n2: 10486404 0x100059E9A: BPU_gf2VecMalloc (gf2types.c:144)
   n1: 10485760 0x100001CF4: testCryptoBox (main.c:53)
    n0: 10485760 0x100002DB5: main (main.c:472)
   n0: 644 in 3 places, all below massif's threshold (1.00%)
 n0: 31500 in 37 places, all below massif's threshold (1.00%)
#-----------
snapshot=64
#-----------
time=1872061040
mem_heap_B=10517420
mem_heap_extra_B=6748
mem_stacks_B=0
heap_tree=empty
#-----------
snapshot=65
#-----------
time=1890443741
mem_heap_B=10518332
mem_heap_extra_B=6940
mem_stacks_B=0
heap_tree=empty
#-----------
snapshot=66
#-----------
time=1908825299
mem_heap_B=10518332
mem_heap_extra_B=6940
mem_stacks_B=0
heap_tree=empty
#-----------
snapshot=67
#-----------
time=1927314716
mem_heap_B=10517904
mem_heap_extra_B=6888
mem_stacks_B=0
heap_tree=empty
#-----------
snapshot=68
#-----------
time=1945698718
mem_heap_B=10518332
mem_heap_extra_B=6940
mem_stacks_B=0
heap_tree=empty
#-----------
snapshot=69
#-----------
time=1964084221
mem_heap_B=10518332
mem_heap_extra_B=6940
mem_stacks_B=0
heap_tree=empty
#-----------
snapshot=70
#-----------
time=1982468196
mem_heap_B=10518332
mem_heap_extra_B=6940
mem_stacks_B=0
heap_tree=empty
#-----------
snapshot=71
#-----------
time=2000847638
mem_heap_B=10518332
mem_heap_extra_B=6940
mem_stacks_B=0
heap_tree=empty
#-----------
snapshot=72
#-----------
time=2019232437
mem_heap_B=10518332
mem_heap_extra_B=6940
mem_stacks_B=0
heap_tree=empty
#-----------
snapshot=73
#-----------
time=2037614929
mem_heap_B=10518332
mem_heap_extra_B=6940
mem_stacks_B=0
heap_tree=detailed
n2: 10518332 (heap allocation functions) malloc/new/new[], --alloc-fns, etc.
 n1: 10486404 0x100059F24: BPU_gf2VecMallocElements (gf2types.c:166)
  n2: 10486404 0x100059E9A: BPU_gf2VecMalloc (gf2types.c:144)
   n1: 10485760 0x100001CF4: testCryptoBox (main.c:53)
    n0: 10485760 0x100002DB5: main (main.c:472)
   n0: 644 in 3 places, all below massif's threshold (1.00%)
 n0: 31928 in 37 places, all below massif's threshold (1.00%)
#-----------
snapshot=74
#-----------
time=2056001706
mem_heap_B=10518118
mem_heap_extra_B=6914
mem_stacks_B=0
heap_tree=empty
#-----------
snapshot=75
#-----------
time=2074473812
mem_heap_B=10517904
mem_heap_extra_B=6888
mem_stacks_B=0
heap_tree=empty
#-----------
snapshot=76
#-----------
time=2092855501
mem_heap_B=10518332
mem_heap_extra_B=6940
mem_stacks_B=0
heap_tree=empty
#-----------
snapshot=77
#-----------
time=2111237943
mem_heap_B=10518332
mem_heap_extra_B=6940
mem_stacks_B=0
heap_tree=empty
#-----------
snapshot=78
#-----------
time=2129622156
mem_heap_B=10518332
mem_heap_extra_B=6940
mem_stacks_B=0
heap_tree=empty
#-----------
snapshot=79
#-----------
time=2148003272
mem_heap_B=10518332
mem_heap_extra_B=6940
mem_stacks_B=0
heap_tree=empty
#-----------
snapshot=80
#-----------
time=2176027326
mem_heap_B=10517420
mem_heap_extra_B=6748
mem_stacks_B=0
heap_tree=empty
#-----------
snapshot=81
#-----------
time=2194409379
mem_heap_B=10518332
mem_heap_extra_B=6940
mem_stacks_B=0
heap_tree=empty
#-----------
snapshot=82
#-----------
time=2212793392
mem_heap_B=10518332
mem_heap_extra_B=6940
mem_stacks_B=0
heap_tree=empty
#-----------
snapshot=83
#-----------
time=2231298595
mem_heap_B=10517904
mem_heap_extra_B=6888
mem_stacks_B=0
heap_tree=detailed
n2: 10517904 (heap allocation functions) malloc/new/new[], --alloc-fns, etc.
 n1: 10486404 0x100059F24: BPU_gf2VecMallocElements (gf2types.c:166)
  n2: 10486404 0x100059E9A: BPU_gf2VecMalloc (gf2types.c:144)
   n1: 10485760 0x100001CF4: testCryptoBox (main.c:53)
    n0: 10485760 0x100002DB5: main (main.c:472)
   n0: 644 in 3 places, all below massif's threshold (1.00%)
 n0: 31500 in 37 places, all below massif's threshold (1.00%)
#-----------
snapshot=84
#-----------
time=2249683056
mem_heap_B=10518332
mem_heap_extra_B=6940
mem_stacks_B=0
heap_tree=empty
#-----------
snapshot=85
#-----------
time=2268065640
mem_heap_B=10518332
mem_heap_extra_B=6940
mem_stacks_B=0
heap_tree=empty
#-----------
snapshot=86
#-----------
time=2286449734
mem_heap_B=10518332
mem_heap_extra_B=6940
mem_stacks_B=0
heap_tree=empty
#-----------
snapshot=87
#-----------
time=2304833457
mem_heap_B=10518332
mem_heap_extra_B=6940
mem_stacks_B=0
heap_tree=empty
#-----------
snapshot=88
#-----------
time=2323219124
mem_heap_B=10518332
mem_heap_extra_B=6940
mem_stacks_B=0
heap_tree=empty
#-----------
snapshot=89
#-----------
time=2341603942
mem_heap_B=10518332
mem_heap_extra_B=6940
mem_stacks_B=0
heap_tree=empty
#-----------
snapshot=90
#-----------
time=2359990735
mem_heap_B=10518118
mem_heap_extra_B=6914
mem_stacks_B=0
heap_tree=empty
#-----------
snapshot=91
#-----------
time=2378460492
mem_heap_B=10517904
mem_heap_extra_B=6888
mem_stacks_B=0
heap_tree=empty
#-----------
snapshot=92
#-----------
time=2396842406
mem_heap_B=10518332
mem_heap_extra_B=6940
mem_stacks_B=0
heap_tree=empty
#-----------
snapshot=93
#-----------
time=2415223472
mem_heap_B=10518332
mem_heap_extra_B=6940
mem_stacks_B=0
heap_tree=detailed
n2: 10518332 (heap allocation functions) malloc/new/new[], --alloc-fns, etc.
 n1: 10486404 0x100059F24: BPU_gf2VecMallocElements (gf2types.c:166)
  n2: 10486404 0x100059E9A: BPU_gf2VecMalloc (gf2types.c:144)
   n1: 10485760 0x100001CF4: testCryptoBox (main.c:53)
    n0: 10485760 0x100002DB5: main (main.c:472)
   n0: 644 in 3 places, all below massif's threshold (1.00%)
 n0: 31928 in 37 places, all below massif's threshold (1.00%)
#-----------
snapshot=94
#-----------
time=2433602779
mem_heap_B=10518332
mem_heap_extra_B=6940
mem_stacks_B=0
heap_tree=empty
#-----------
snapshot=95
#-----------
time=2451986478
mem_heap_B=10518332
mem_heap_extra_B=6940
mem_stacks_B=0
heap_tree=empty
